<?xml version="1.0" encoding="UTF-8"?>
<!-- Generated by org.testng.reporters.JUnitReportReporter -->
<testsuite hostname="NBADEX11X243" name="TestCase.Test01_appium" tests="1" failures="0" timestamp="10 Jul 2018 19:40:15 GMT" time="59.336" errors="0">
  <testcase name="login_appium" time="59.336" classname="TestCase.Test01_appium"/>
</testsuite> <!-- TestCase.Test01_appium -->
