<?xml version="1.0" encoding="UTF-8"?>
<!-- Generated by org.testng.reporters.JUnitReportReporter -->
<testsuite hostname="NBADEX11X243" name="Appium.Test.TestBase" tests="1" failures="0" timestamp="10 Jul 2018 18:52:20 GMT" time="0.006" errors="0">
  <testcase name="appiumBitBarTest" time="0.006" classname="Appium.Test.TestBase"/>
</testsuite> <!-- Appium.Test.TestBase -->
